{
  "meta": {
    "version": "7.3.2",
    "timestamp": "2023-10-15T15:29:12.632905",
    "branch_coverage": false,
    "show_contexts": false
  },
  "files": {
    "config/__init__.py": {
      "executed_lines": [
        1
      ],
      "summary": {
        "covered_lines": 0,
        "num_statements": 0,
        "percent_covered": 100.0,
        "percent_covered_display": "100",
        "missing_lines": 0,
        "excluded_lines": 0
      },
      "missing_lines": [],
      "excluded_lines": []
    },
    "config/asgi.py": {
      "executed_lines": [],
      "summary": {
        "covered_lines": 0,
        "num_statements": 4,
        "percent_covered": 0.0,
        "percent_covered_display": "0",
        "missing_lines": 4,
        "excluded_lines": 0
      },
      "missing_lines": [
        10,
        12,
        14,
        16
      ],
      "excluded_lines": []
    },
    "config/settings.py": {
      "executed_lines": [
        1,
        13,
        14,
        15,
        17,
        18,
        21,
        23,
        24,
        30,
        33,
        35,
        39,
        55,
        65,
        67,
        83,
        88,
        100,
        118,
        120,
        122,
        124,
        129,
        130,
        131,
        136,
        138,
        140,
        154
      ],
      "summary": {
        "covered_lines": 29,
        "num_statements": 29,
        "percent_covered": 100.0,
        "percent_covered_display": "100",
        "missing_lines": 0,
        "excluded_lines": 0
      },
      "missing_lines": [],
      "excluded_lines": []
    },
    "config/urls.py": {
      "executed_lines": [
        1,
        17,
        18,
        20
      ],
      "summary": {
        "covered_lines": 3,
        "num_statements": 3,
        "percent_covered": 100.0,
        "percent_covered_display": "100",
        "missing_lines": 0,
        "excluded_lines": 0
      },
      "missing_lines": [],
      "excluded_lines": []
    },
    "config/wsgi.py": {
      "executed_lines": [],
      "summary": {
        "covered_lines": 0,
        "num_statements": 4,
        "percent_covered": 0.0,
        "percent_covered_display": "0",
        "missing_lines": 4,
        "excluded_lines": 0
      },
      "missing_lines": [
        10,
        12,
        14,
        16
      ],
      "excluded_lines": []
    },
    "main.py": {
      "executed_lines": [],
      "summary": {
        "covered_lines": 0,
        "num_statements": 4,
        "percent_covered": 0.0,
        "percent_covered_display": "0",
        "missing_lines": 4,
        "excluded_lines": 0
      },
      "missing_lines": [
        7,
        9,
        13,
        14
      ],
      "excluded_lines": []
    },
    "manage.py": {
      "executed_lines": [
        2,
        3,
        4,
        7,
        9,
        10,
        11,
        18,
        21,
        22
      ],
      "summary": {
        "covered_lines": 10,
        "num_statements": 12,
        "percent_covered": 83.33333333333333,
        "percent_covered_display": "83",
        "missing_lines": 2,
        "excluded_lines": 0
      },
      "missing_lines": [
        12,
        13
      ],
      "excluded_lines": []
    },
    "payment/__init__.py": {
      "executed_lines": [
        1
      ],
      "summary": {
        "covered_lines": 0,
        "num_statements": 0,
        "percent_covered": 100.0,
        "percent_covered_display": "100",
        "missing_lines": 0,
        "excluded_lines": 0
      },
      "missing_lines": [],
      "excluded_lines": []
    },
    "payment/admin.py": {
      "executed_lines": [
        1
      ],
      "summary": {
        "covered_lines": 1,
        "num_statements": 1,
        "percent_covered": 100.0,
        "percent_covered_display": "100",
        "missing_lines": 0,
        "excluded_lines": 0
      },
      "missing_lines": [],
      "excluded_lines": []
    },
    "payment/apps.py": {
      "executed_lines": [
        1,
        4,
        5,
        6
      ],
      "summary": {
        "covered_lines": 4,
        "num_statements": 4,
        "percent_covered": 100.0,
        "percent_covered_display": "100",
        "missing_lines": 0,
        "excluded_lines": 0
      },
      "missing_lines": [],
      "excluded_lines": []
    },
    "payment/management/__init__.py": {
      "executed_lines": [
        1
      ],
      "summary": {
        "covered_lines": 0,
        "num_statements": 0,
        "percent_covered": 100.0,
        "percent_covered_display": "100",
        "missing_lines": 0,
        "excluded_lines": 0
      },
      "missing_lines": [],
      "excluded_lines": []
    },
    "payment/management/commands/__init__.py": {
      "executed_lines": [
        1
      ],
      "summary": {
        "covered_lines": 0,
        "num_statements": 0,
        "percent_covered": 100.0,
        "percent_covered_display": "100",
        "missing_lines": 0,
        "excluded_lines": 0
      },
      "missing_lines": [],
      "excluded_lines": []
    },
    "payment/management/commands/expand_db.py": {
      "executed_lines": [],
      "summary": {
        "covered_lines": 0,
        "num_statements": 12,
        "percent_covered": 0.0,
        "percent_covered_display": "0",
        "missing_lines": 12,
        "excluded_lines": 0
      },
      "missing_lines": [
        1,
        2,
        3,
        5,
        8,
        9,
        11,
        12,
        14,
        15,
        16,
        18
      ],
      "excluded_lines": []
    },
    "payment/management/commands/fill_db.py": {
      "executed_lines": [],
      "summary": {
        "covered_lines": 0,
        "num_statements": 12,
        "percent_covered": 0.0,
        "percent_covered_display": "0",
        "missing_lines": 12,
        "excluded_lines": 0
      },
      "missing_lines": [
        1,
        2,
        3,
        4,
        7,
        8,
        10,
        11,
        12,
        13,
        15,
        17
      ],
      "excluded_lines": []
    },
    "payment/migrations/0001_initial.py": {
      "executed_lines": [
        3,
        4,
        5,
        8,
        10,
        12,
        17
      ],
      "summary": {
        "covered_lines": 7,
        "num_statements": 7,
        "percent_covered": 100.0,
        "percent_covered_display": "100",
        "missing_lines": 0,
        "excluded_lines": 0
      },
      "missing_lines": [],
      "excluded_lines": []
    },
    "payment/migrations/__init__.py": {
      "executed_lines": [
        1
      ],
      "summary": {
        "covered_lines": 0,
        "num_statements": 0,
        "percent_covered": 100.0,
        "percent_covered_display": "100",
        "missing_lines": 0,
        "excluded_lines": 0
      },
      "missing_lines": [],
      "excluded_lines": []
    },
    "payment/models.py": {
      "executed_lines": [
        1,
        3,
        4,
        7,
        8,
        9,
        11,
        16,
        17,
        18,
        19,
        20,
        21,
        24,
        27,
        28,
        29
      ],
      "summary": {
        "covered_lines": 17,
        "num_statements": 18,
        "percent_covered": 94.44444444444444,
        "percent_covered_display": "94",
        "missing_lines": 1,
        "excluded_lines": 0
      },
      "missing_lines": [
        25
      ],
      "excluded_lines": []
    },
    "payment/serializers.py": {
      "executed_lines": [
        1,
        2,
        4,
        7,
        9,
        10,
        11
      ],
      "summary": {
        "covered_lines": 7,
        "num_statements": 7,
        "percent_covered": 100.0,
        "percent_covered_display": "100",
        "missing_lines": 0,
        "excluded_lines": 0
      },
      "missing_lines": [],
      "excluded_lines": []
    },
    "payment/tests.py": {
      "executed_lines": [
        1
      ],
      "summary": {
        "covered_lines": 1,
        "num_statements": 1,
        "percent_covered": 100.0,
        "percent_covered_display": "100",
        "missing_lines": 0,
        "excluded_lines": 0
      },
      "missing_lines": [],
      "excluded_lines": []
    },
    "payment/urls.py": {
      "executed_lines": [
        1,
        3,
        4,
        6,
        8
      ],
      "summary": {
        "covered_lines": 5,
        "num_statements": 5,
        "percent_covered": 100.0,
        "percent_covered_display": "100",
        "missing_lines": 0,
        "excluded_lines": 0
      },
      "missing_lines": [],
      "excluded_lines": []
    },
    "payment/views.py": {
      "executed_lines": [
        1,
        2,
        4,
        5,
        6,
        9,
        10,
        11,
        12,
        13,
        14,
        15,
        18,
        19,
        20,
        21,
        24,
        25,
        26,
        29,
        30,
        31,
        32,
        35,
        36,
        37
      ],
      "summary": {
        "covered_lines": 26,
        "num_statements": 26,
        "percent_covered": 100.0,
        "percent_covered_display": "100",
        "missing_lines": 0,
        "excluded_lines": 0
      },
      "missing_lines": [],
      "excluded_lines": []
    },
    "training_courses/__init__.py": {
      "executed_lines": [
        1
      ],
      "summary": {
        "covered_lines": 0,
        "num_statements": 0,
        "percent_covered": 100.0,
        "percent_covered_display": "100",
        "missing_lines": 0,
        "excluded_lines": 0
      },
      "missing_lines": [],
      "excluded_lines": []
    },
    "training_courses/admin.py": {
      "executed_lines": [
        1
      ],
      "summary": {
        "covered_lines": 1,
        "num_statements": 1,
        "percent_covered": 100.0,
        "percent_covered_display": "100",
        "missing_lines": 0,
        "excluded_lines": 0
      },
      "missing_lines": [],
      "excluded_lines": []
    },
    "training_courses/apps.py": {
      "executed_lines": [
        1,
        4,
        5,
        6
      ],
      "summary": {
        "covered_lines": 4,
        "num_statements": 4,
        "percent_covered": 100.0,
        "percent_covered_display": "100",
        "missing_lines": 0,
        "excluded_lines": 0
      },
      "missing_lines": [],
      "excluded_lines": []
    },
    "training_courses/migrations/0001_initial.py": {
      "executed_lines": [
        3,
        4,
        7,
        9,
        11,
        14
      ],
      "summary": {
        "covered_lines": 6,
        "num_statements": 6,
        "percent_covered": 100.0,
        "percent_covered_display": "100",
        "missing_lines": 0,
        "excluded_lines": 0
      },
      "missing_lines": [],
      "excluded_lines": []
    },
    "training_courses/migrations/0002_course_owner_lesson_owner.py": {
      "executed_lines": [
        3,
        4,
        5,
        8,
        10,
        15
      ],
      "summary": {
        "covered_lines": 6,
        "num_statements": 6,
        "percent_covered": 100.0,
        "percent_covered_display": "100",
        "missing_lines": 0,
        "excluded_lines": 0
      },
      "missing_lines": [],
      "excluded_lines": []
    },
    "training_courses/migrations/0003_alter_lesson_video_url_lesson.py": {
      "executed_lines": [
        3,
        6,
        8,
        12
      ],
      "summary": {
        "covered_lines": 4,
        "num_statements": 4,
        "percent_covered": 100.0,
        "percent_covered_display": "100",
        "missing_lines": 0,
        "excluded_lines": 0
      },
      "missing_lines": [],
      "excluded_lines": []
    },
    "training_courses/migrations/0004_subscription.py": {
      "executed_lines": [
        3,
        4,
        5,
        8,
        10,
        15
      ],
      "summary": {
        "covered_lines": 6,
        "num_statements": 6,
        "percent_covered": 100.0,
        "percent_covered_display": "100",
        "missing_lines": 0,
        "excluded_lines": 0
      },
      "missing_lines": [],
      "excluded_lines": []
    },
    "training_courses/migrations/__init__.py": {
      "executed_lines": [
        1
      ],
      "summary": {
        "covered_lines": 0,
        "num_statements": 0,
        "percent_covered": 100.0,
        "percent_covered_display": "100",
        "missing_lines": 0,
        "excluded_lines": 0
      },
      "missing_lines": [],
      "excluded_lines": []
    },
    "training_courses/models.py": {
      "executed_lines": [
        1,
        3,
        6,
        7,
        8,
        9,
        10,
        12,
        15,
        16,
        17,
        20,
        21,
        22,
        23,
        24,
        25,
        26,
        28,
        31,
        32,
        33,
        36,
        37,
        38,
        39,
        40,
        42,
        45,
        46,
        47
      ],
      "summary": {
        "covered_lines": 31,
        "num_statements": 34,
        "percent_covered": 91.17647058823529,
        "percent_covered_display": "91",
        "missing_lines": 3,
        "excluded_lines": 0
      },
      "missing_lines": [
        13,
        29,
        43
      ],
      "excluded_lines": []
    },
    "training_courses/pagination.py": {
      "executed_lines": [
        1,
        4,
        5,
        6,
        7,
        10,
        11,
        12,
        13,
        16,
        17,
        18,
        19
      ],
      "summary": {
        "covered_lines": 13,
        "num_statements": 13,
        "percent_covered": 100.0,
        "percent_covered_display": "100",
        "missing_lines": 0,
        "excluded_lines": 0
      },
      "missing_lines": [],
      "excluded_lines": []
    },
    "training_courses/permissions.py": {
      "executed_lines": [
        1,
        3,
        6,
        7,
        8,
        9,
        10,
        14,
        15,
        16,
        17,
        18,
        22,
        23,
        24,
        25,
        26,
        30,
        31,
        33,
        34,
        36
      ],
      "summary": {
        "covered_lines": 22,
        "num_statements": 26,
        "percent_covered": 84.61538461538461,
        "percent_covered_display": "85",
        "missing_lines": 4,
        "excluded_lines": 0
      },
      "missing_lines": [
        11,
        19,
        27,
        35
      ],
      "excluded_lines": []
    },
    "training_courses/serializers.py": {
      "executed_lines": [
        1,
        2,
        4,
        5,
        8,
        9,
        10,
        11,
        12,
        15,
        20,
        21,
        22,
        24,
        25,
        26,
        28,
        30,
        31,
        32,
        35,
        36,
        37,
        38,
        39,
        42,
        48,
        49,
        51,
        52,
        53,
        55,
        57,
        58,
        59,
        62,
        63,
        65,
        66,
        67,
        70,
        71,
        72,
        73,
        74
      ],
      "summary": {
        "covered_lines": 45,
        "num_statements": 47,
        "percent_covered": 95.74468085106383,
        "percent_covered_display": "96",
        "missing_lines": 2,
        "excluded_lines": 0
      },
      "missing_lines": [
        27,
        54
      ],
      "excluded_lines": []
    },
    "training_courses/tests.py": {
      "executed_lines": [
        1,
        2,
        3,
        5,
        6,
        9,
        11,
        12,
        13,
        18,
        20,
        26,
        28,
        32,
        36,
        38,
        53,
        56,
        61,
        66,
        71,
        76,
        79,
        83,
        88,
        100,
        103,
        107,
        112,
        117,
        120,
        124,
        129,
        134,
        137,
        141,
        146,
        147,
        148,
        149,
        152,
        153,
        155,
        156,
        157,
        162,
        164,
        170,
        177,
        180,
        184,
        189,
        191,
        206,
        209,
        214,
        219,
        224,
        229,
        232,
        236,
        241,
        254,
        257,
        261,
        266,
        271,
        274,
        278,
        283,
        288,
        291,
        295,
        300,
        305,
        308,
        316,
        321,
        326,
        328,
        332,
        337,
        338,
        339,
        340,
        343,
        344,
        345,
        346,
        347,
        352,
        354,
        360,
        367,
        374,
        376,
        380,
        385,
        403,
        405,
        409,
        414,
        419,
        424,
        426,
        430,
        435,
        440,
        445,
        447,
        450,
        455,
        460,
        462,
        466,
        471,
        472,
        473,
        474,
        475,
        476
      ],
      "summary": {
        "covered_lines": 119,
        "num_statements": 119,
        "percent_covered": 100.0,
        "percent_covered_display": "100",
        "missing_lines": 0,
        "excluded_lines": 0
      },
      "missing_lines": [],
      "excluded_lines": []
    },
    "training_courses/urls.py": {
      "executed_lines": [
        1,
        2,
        4,
        5,
        7,
        9,
        10,
        11,
        13
      ],
      "summary": {
        "covered_lines": 9,
        "num_statements": 9,
        "percent_covered": 100.0,
        "percent_covered_display": "100",
        "missing_lines": 0,
        "excluded_lines": 0
      },
      "missing_lines": [],
      "excluded_lines": []
    },
    "training_courses/validators.py": {
      "executed_lines": [
        1,
        2,
        3,
        6,
        7,
        8,
        9,
        12,
        13,
        15,
        16,
        17,
        18,
        20,
        21,
        24,
        25,
        27,
        28,
        30,
        31,
        33,
        36,
        37,
        39,
        41,
        43,
        45,
        47,
        48,
        51,
        52,
        54,
        55
      ],
      "summary": {
        "covered_lines": 33,
        "num_statements": 37,
        "percent_covered": 89.1891891891892,
        "percent_covered_display": "89",
        "missing_lines": 4,
        "excluded_lines": 0
      },
      "missing_lines": [
        22,
        49,
        50,
        57
      ],
      "excluded_lines": []
    },
    "training_courses/views.py": {
      "executed_lines": [
        1,
        2,
        3,
        4,
        5,
        6,
        7,
        11,
        12,
        13,
        14,
        15,
        23,
        24,
        26,
        27,
        29,
        30,
        31,
        33,
        34,
        35,
        36,
        37,
        38,
        39,
        40,
        41,
        43,
        45,
        48,
        49,
        50,
        51,
        52,
        54,
        55,
        58,
        59,
        60,
        61,
        62,
        65,
        66,
        67,
        68,
        71,
        72,
        73,
        75,
        76,
        79,
        80,
        81,
        82,
        85,
        86,
        87
      ],
      "summary": {
        "covered_lines": 58,
        "num_statements": 58,
        "percent_covered": 100.0,
        "percent_covered_display": "100",
        "missing_lines": 0,
        "excluded_lines": 0
      },
      "missing_lines": [],
      "excluded_lines": []
    },
    "users/__init__.py": {
      "executed_lines": [
        1
      ],
      "summary": {
        "covered_lines": 0,
        "num_statements": 0,
        "percent_covered": 100.0,
        "percent_covered_display": "100",
        "missing_lines": 0,
        "excluded_lines": 0
      },
      "missing_lines": [],
      "excluded_lines": []
    },
    "users/admin.py": {
      "executed_lines": [
        1
      ],
      "summary": {
        "covered_lines": 1,
        "num_statements": 1,
        "percent_covered": 100.0,
        "percent_covered_display": "100",
        "missing_lines": 0,
        "excluded_lines": 0
      },
      "missing_lines": [],
      "excluded_lines": []
    },
    "users/apps.py": {
      "executed_lines": [
        1,
        4,
        5,
        6
      ],
      "summary": {
        "covered_lines": 4,
        "num_statements": 4,
        "percent_covered": 100.0,
        "percent_covered_display": "100",
        "missing_lines": 0,
        "excluded_lines": 0
      },
      "missing_lines": [],
      "excluded_lines": []
    },
    "users/migrations/0001_initial.py": {
      "executed_lines": [
        3,
        4,
        5,
        6,
        9,
        11,
        13,
        17
      ],
      "summary": {
        "covered_lines": 8,
        "num_statements": 8,
        "percent_covered": 100.0,
        "percent_covered_display": "100",
        "missing_lines": 0,
        "excluded_lines": 0
      },
      "missing_lines": [],
      "excluded_lines": []
    },
    "users/migrations/0002_alter_user_is_staff.py": {
      "executed_lines": [
        3,
        6,
        8,
        12
      ],
      "summary": {
        "covered_lines": 4,
        "num_statements": 4,
        "percent_covered": 100.0,
        "percent_covered_display": "100",
        "missing_lines": 0,
        "excluded_lines": 0
      },
      "missing_lines": [],
      "excluded_lines": []
    },
    "users/migrations/__init__.py": {
      "executed_lines": [
        1
      ],
      "summary": {
        "covered_lines": 0,
        "num_statements": 0,
        "percent_covered": 100.0,
        "percent_covered_display": "100",
        "missing_lines": 0,
        "excluded_lines": 0
      },
      "missing_lines": [],
      "excluded_lines": []
    },
    "users/models.py": {
      "executed_lines": [
        1,
        2,
        3,
        5,
        8,
        9,
        10,
        13,
        14,
        15,
        17,
        20,
        21,
        22
      ],
      "summary": {
        "covered_lines": 14,
        "num_statements": 15,
        "percent_covered": 93.33333333333333,
        "percent_covered_display": "93",
        "missing_lines": 1,
        "excluded_lines": 0
      },
      "missing_lines": [
        18
      ],
      "excluded_lines": []
    },
    "users/permissions.py": {
      "executed_lines": [
        1,
        2,
        5,
        6,
        8,
        10
      ],
      "summary": {
        "covered_lines": 5,
        "num_statements": 10,
        "percent_covered": 50.0,
        "percent_covered_display": "50",
        "missing_lines": 5,
        "excluded_lines": 0
      },
      "missing_lines": [
        11,
        12,
        13,
        14,
        15
      ],
      "excluded_lines": []
    },
    "users/serializers.py": {
      "executed_lines": [
        1,
        2,
        4,
        5,
        6,
        9,
        10,
        12,
        15,
        16,
        17,
        20,
        22,
        23,
        24,
        27,
        29,
        30,
        31
      ],
      "summary": {
        "covered_lines": 19,
        "num_statements": 20,
        "percent_covered": 95.0,
        "percent_covered_display": "95",
        "missing_lines": 1,
        "excluded_lines": 0
      },
      "missing_lines": [
        13
      ],
      "excluded_lines": []
    },
    "users/tests.py": {
      "executed_lines": [
        1
      ],
      "summary": {
        "covered_lines": 1,
        "num_statements": 1,
        "percent_covered": 100.0,
        "percent_covered_display": "100",
        "missing_lines": 0,
        "excluded_lines": 0
      },
      "missing_lines": [],
      "excluded_lines": []
    },
    "users/urls.py": {
      "executed_lines": [
        1,
        2,
        3,
        4,
        5,
        7,
        9,
        10,
        12
      ],
      "summary": {
        "covered_lines": 9,
        "num_statements": 9,
        "percent_covered": 100.0,
        "percent_covered_display": "100",
        "missing_lines": 0,
        "excluded_lines": 0
      },
      "missing_lines": [],
      "excluded_lines": []
    },
    "users/views.py": {
      "executed_lines": [
        1,
        2,
        4,
        5,
        6,
        9,
        10,
        11,
        12,
        14,
        20
      ],
      "summary": {
        "covered_lines": 11,
        "num_statements": 22,
        "percent_covered": 50.0,
        "percent_covered_display": "50",
        "missing_lines": 11,
        "excluded_lines": 0
      },
      "missing_lines": [
        15,
        16,
        18,
        21,
        22,
        23,
        25,
        26,
        27,
        28,
        29
      ],
      "excluded_lines": []
    }
  },
  "totals": {
    "covered_lines": 543,
    "num_statements": 613,
    "percent_covered": 88.58075040783034,
    "percent_covered_display": "89",
    "missing_lines": 70,
    "excluded_lines": 0
  }
}